<?xml version="1.0" encoding="UTF-8"?>
<!-- Generated by org.testng.reporters.JUnitReportReporter -->
<testsuite hostname="DESKTOP-1FFP63U" failures="0" tests="3" name="page.tests.TestPetStore" time="11.875" errors="0" timestamp="2019-12-26T19:05:52 CET" skipped="0">
  <testcase classname="page.tests.TestPetStore" name="images" time="6.658"/>
  <testcase classname="page.tests.TestPetStore" name="menuFromTheTop" time="2.438"/>
  <testcase classname="page.tests.TestPetStore" name="menuFromTheLeft" time="2.779"/>
</testsuite> <!-- page.tests.TestPetStore -->
