<?xml version="1.0" encoding="UTF-8"?>
<!-- Generated by org.testng.reporters.JUnitReportReporter -->
<testsuite hostname="DESKTOP-1FFP63U" failures="0" tests="2" name="page.tests.TestSignIn" time="22.608" errors="0" timestamp="2019-12-26T21:18:32 CET" skipped="0">
  <testcase classname="page.tests.TestSignIn" name="testsignPage" time="0.953"/>
  <testcase classname="page.tests.TestSignIn" name="signInUser" time="21.655"/>
</testsuite> <!-- page.tests.TestSignIn -->
