<?xml version="1.0" encoding="UTF-8"?>
<!-- Generated by org.testng.reporters.JUnitReportReporter -->
<testsuite hostname="DESKTOP-1FFP63U" failures="0" tests="1" name="page.tests.TestHome" time="11.983" errors="0" timestamp="2019-12-26T13:42:46 CET" skipped="0">
  <testcase classname="page.tests.TestHome" name="otvoriStranicu" time="11.983"/>
</testsuite> <!-- page.tests.TestHome -->
