<?xml version="1.0" encoding="UTF-8"?>
<!-- Generated by org.testng.reporters.JUnitReportReporter -->
<testsuite hostname="DESKTOP-1FFP63U" failures="0" tests="1" name="page.tests.NewTest" time="23.371" errors="0" timestamp="2019-12-26T13:29:13 CET" skipped="0">
  <testcase classname="page.tests.NewTest" name="AddToCart" time="23.371"/>
</testsuite> <!-- page.tests.NewTest -->
