<?xml version="1.0" encoding="UTF-8"?>
<!-- Generated by org.testng.reporters.JUnitReportReporter -->
<testsuite hostname="DESKTOP-1FFP63U" failures="0" tests="1" name="page.tests.TestRegistration" time="364.046" errors="0" timestamp="2019-12-26T20:30:20 CET" skipped="0">
  <testcase classname="page.tests.TestRegistration" name="testReg50" time="364.046"/>
</testsuite> <!-- page.tests.TestRegistration -->
