<?xml version="1.0" encoding="UTF-8"?>
<!-- Generated by org.testng.reporters.JUnitReportReporter -->
<testsuite hostname="DESKTOP-1FFP63U" failures="0" tests="1" name="page.tests.TestCart" time="5.008" errors="0" timestamp="2019-12-26T19:02:46 CET" skipped="0">
  <testcase classname="page.tests.TestCart" name="AddToCart" time="5.008"/>
</testsuite> <!-- page.tests.TestCart -->
