<?xml version="1.0" encoding="UTF-8"?>
<!-- Generated by org.testng.reporters.JUnitReportReporter -->
<testsuite hostname="DESKTOP-1FFP63U" failures="0" tests="1" name="page.tests.TestStore" time="8.494" errors="0" timestamp="2019-12-25T10:56:37 CET" skipped="0">
  <testcase classname="page.tests.TestStore" name="otvoriStranicu" time="8.494"/>
</testsuite> <!-- page.tests.TestStore -->
