<?xml version="1.0" encoding="UTF-8"?>
<!-- Generated by org.testng.reporters.JUnitReportReporter -->
<testsuite hostname="DESKTOP-1FFP63U" failures="0" tests="1" name="page.tests.TestRegistrationOne" time="26.968" errors="0" timestamp="2019-12-26T18:09:48 CET" skipped="0">
  <testcase classname="page.tests.TestRegistrationOne" name="registerUser" time="26.968"/>
</testsuite> <!-- page.tests.TestRegistrationOne -->
